<?xml version="1.0" encoding="UTF-8"?>
<testng-results skipped="0" failed="0" ignored="0" total="1" passed="1">
  <reporter-output>
  </reporter-output>
  <suite name="Suite" duration-ms="42157" started-at="2020-08-05T18:11:26Z" finished-at="2020-08-05T18:12:08Z">
    <groups>
    </groups>
    <test name="Test" duration-ms="42157" started-at="2020-08-05T18:11:26Z" finished-at="2020-08-05T18:12:08Z">
      <class name="quick.NewFeatures.NeTest">
        <test-method status="PASS" signature="cdf()[pri:0, instance:quick.NewFeatures.NeTest@3f200884]" name="cdf" duration-ms="41905" started-at="2020-08-05T23:41:26Z" finished-at="2020-08-05T23:42:08Z">
          <reporter-output>
          </reporter-output>
        </test-method> <!-- cdf -->
      </class> <!-- quick.NewFeatures.NeTest -->
    </test> <!-- Test -->
  </suite> <!-- Suite -->
</testng-results>
